{"C:\\Users\\souvik\\work\\templetes\\vite+react+eslint template\\src\\App.tsx": {"path":"C:\\Users\\souvik\\work\\templetes\\vite+react+eslint template\\src\\App.tsx","all":false,"statementMap":{"0":{"start":{"line":1,"column":0},"end":{"line":1,"column":19}},"1":{"start":{"line":2,"column":0},"end":{"line":2,"column":0}},"2":{"start":{"line":3,"column":0},"end":{"line":3,"column":37}},"3":{"start":{"line":4,"column":0},"end":{"line":4,"column":40}},"4":{"start":{"line":5,"column":0},"end":{"line":5,"column":0}},"5":{"start":{"line":6,"column":0},"end":{"line":6,"column":16}},"6":{"start":{"line":7,"column":0},"end":{"line":7,"column":48}},"7":{"start":{"line":8,"column":0},"end":{"line":8,"column":0}},"8":{"start":{"line":9,"column":0},"end":{"line":9,"column":90}},"9":{"start":{"line":10,"column":0},"end":{"line":10,"column":1}},"10":{"start":{"line":11,"column":0},"end":{"line":11,"column":0}},"11":{"start":{"line":12,"column":0},"end":{"line":12,"column":19}}},"s":{"0":1,"1":1,"2":1,"3":1,"4":1,"5":1,"6":1,"7":1,"8":1,"9":1,"10":1,"11":1},"branchMap":{"0":{"type":"branch","line":6,"loc":{"start":{"line":6,"column":0},"end":{"line":12,"column":15}},"locations":[{"start":{"line":6,"column":0},"end":{"line":12,"column":15}}]}},"b":{"0":[1]},"fnMap":{"0":{"name":"App","decl":{"start":{"line":6,"column":0},"end":{"line":12,"column":15}},"loc":{"start":{"line":6,"column":0},"end":{"line":12,"column":15}},"line":6},"1":{"name":"onclick","decl":{"start":{"line":9,"column":26},"end":{"line":9,"column":62}},"loc":{"start":{"line":9,"column":26},"end":{"line":9,"column":62}},"line":9}},"f":{"0":1,"1":0}}
,"C:\\Users\\souvik\\work\\templetes\\vite+react+eslint template\\src\\components\\index.tsx": {"path":"C:\\Users\\souvik\\work\\templetes\\vite+react+eslint template\\src\\components\\index.tsx","all":false,"statementMap":{"0":{"start":{"line":1,"column":0},"end":{"line":1,"column":48}}},"s":{"0":1},"branchMap":{"0":{"type":"branch","line":1,"loc":{"start":{"line":1,"column":34},"end":{"line":1,"column":48}},"locations":[{"start":{"line":1,"column":34},"end":{"line":1,"column":48}}]}},"b":{"0":[1]},"fnMap":{"0":{"name":"get","decl":{"start":{"line":1,"column":34},"end":{"line":1,"column":48}},"loc":{"start":{"line":1,"column":34},"end":{"line":1,"column":48}},"line":1}},"f":{"0":1}}
,"C:\\Users\\souvik\\work\\templetes\\vite+react+eslint template\\src\\components\\UI\\button.tsx": {"path":"C:\\Users\\souvik\\work\\templetes\\vite+react+eslint template\\src\\components\\UI\\button.tsx","all":false,"statementMap":{"0":{"start":{"line":1,"column":0},"end":{"line":1,"column":52}},"1":{"start":{"line":2,"column":0},"end":{"line":2,"column":26}},"2":{"start":{"line":3,"column":0},"end":{"line":3,"column":0}},"3":{"start":{"line":4,"column":0},"end":{"line":4,"column":47}},"4":{"start":{"line":5,"column":0},"end":{"line":5,"column":76}},"5":{"start":{"line":6,"column":0},"end":{"line":6,"column":1}}},"s":{"0":1,"1":1,"2":1,"3":1,"4":1,"5":1},"branchMap":{"0":{"type":"branch","line":5,"loc":{"start":{"line":5,"column":46},"end":{"line":5,"column":65}},"locations":[{"start":{"line":5,"column":46},"end":{"line":5,"column":65}}]}},"b":{"0":[0]},"fnMap":{},"f":{}}
}
